<?xml version="1.0" encoding="UTF-8"?>
<testng-results ignored="6" total="9" passed="2" failed="1" skipped="0">
  <reporter-output>
  </reporter-output>
  <suite started-at="2024-07-27T09:06:11 IST" name="Suite" finished-at="2024-07-27T09:07:22 IST" duration-ms="70922">
    <groups>
    </groups>
    <test started-at="2024-07-27T09:06:11 IST" name="Test" finished-at="2024-07-27T09:07:22 IST" duration-ms="70922">
      <class name="com.OpenCart.testLayer.LoginTestPage">
        <test-method is-config="true" signature="setUp()[pri:0, instance:com.OpenCart.testLayer.LoginTestPage@2a265ea9]" started-at="2024-07-27T09:06:39 IST" name="setUp" finished-at="2024-07-27T09:06:42 IST" duration-ms="2450" status="PASS">
          <reporter-output>
          </reporter-output>
        </test-method> <!-- setUp -->
        <test-method signature="VerifyLoginFunctionality()[pri:0, instance:com.OpenCart.testLayer.LoginTestPage@2a265ea9]" started-at="2024-07-27T09:06:42 IST" name="VerifyLoginFunctionality" finished-at="2024-07-27T09:06:44 IST" duration-ms="2809" status="PASS">
          <reporter-output>
          </reporter-output>
        </test-method> <!-- VerifyLoginFunctionality -->
        <test-method is-config="true" signature="tesrDown()[pri:0, instance:com.OpenCart.testLayer.LoginTestPage@2a265ea9]" started-at="2024-07-27T09:06:44 IST" name="tesrDown" finished-at="2024-07-27T09:06:50 IST" duration-ms="5271" status="PASS">
          <reporter-output>
          </reporter-output>
        </test-method> <!-- tesrDown -->
      </class> <!-- com.OpenCart.testLayer.LoginTestPage -->
      <class name="com.OpenCart.testLayer.BuyTestPage">
        <test-method is-config="true" signature="start()[pri:0, instance:com.OpenCart.testLayer.BuyTestPage@f0c8a99]" started-at="2024-07-27T09:06:11 IST" name="start" finished-at="2024-07-27T09:06:11 IST" duration-ms="273" status="PASS">
          <reporter-output>
          </reporter-output>
        </test-method> <!-- start -->
        <test-method is-config="true" signature="setUp()[pri:0, instance:com.OpenCart.testLayer.BuyTestPage@f0c8a99]" started-at="2024-07-27T09:06:11 IST" name="setUp" finished-at="2024-07-27T09:06:15 IST" duration-ms="4051" status="PASS">
          <reporter-output>
          </reporter-output>
        </test-method> <!-- setUp -->
        <test-method signature="VerifyBuyFunctionality()[pri:0, instance:com.OpenCart.testLayer.BuyTestPage@f0c8a99]" started-at="2024-07-27T09:06:15 IST" name="VerifyBuyFunctionality" finished-at="2024-07-27T09:06:34 IST" duration-ms="18738" status="PASS">
          <reporter-output>
          </reporter-output>
        </test-method> <!-- VerifyBuyFunctionality -->
        <test-method is-config="true" signature="tesrDown()[pri:0, instance:com.OpenCart.testLayer.BuyTestPage@f0c8a99]" started-at="2024-07-27T09:06:34 IST" name="tesrDown" finished-at="2024-07-27T09:06:39 IST" duration-ms="5364" status="PASS">
          <reporter-output>
          </reporter-output>
        </test-method> <!-- tesrDown -->
        <test-method is-config="true" signature="finish()[pri:0, instance:com.OpenCart.testLayer.BuyTestPage@f0c8a99]" started-at="2024-07-27T09:07:22 IST" name="finish" finished-at="2024-07-27T09:07:22 IST" duration-ms="1" status="PASS">
          <reporter-output>
          </reporter-output>
        </test-method> <!-- finish -->
      </class> <!-- com.OpenCart.testLayer.BuyTestPage -->
      <class name="com.OpenCart.testLayer.RegistorTestPage">
        <test-method is-config="true" signature="setUp()[pri:0, instance:com.OpenCart.testLayer.RegistorTestPage@6892b3b6]" started-at="2024-07-27T09:06:50 IST" name="setUp" finished-at="2024-07-27T09:06:52 IST" duration-ms="2572" status="PASS">
          <reporter-output>
          </reporter-output>
        </test-method> <!-- setUp -->
        <test-method signature="VerifyRegistorFunctionality()[pri:0, instance:com.OpenCart.testLayer.RegistorTestPage@6892b3b6]" started-at="2024-07-27T09:06:52 IST" name="VerifyRegistorFunctionality" finished-at="2024-07-27T09:07:16 IST" duration-ms="23728" status="FAIL">
          <exception class="org.openqa.selenium.NoSuchElementException">
            <message>
              <![CDATA[no such element: Unable to locate element: {"method":"xpath","selector":"//h1[contains(text(),'Your Account Has Been Created!')]"}
  (Session info: chrome=127.0.6533.72)
For documentation on this error, please visit: https://www.selenium.dev/documentation/webdriver/troubleshooting/errors#no-such-element-exception
Build info: version: '4.23.0', revision: '4df0a231af'
System info: os.name: 'Windows 11', os.arch: 'amd64', os.version: '10.0', java.version: '22.0.1'
Driver info: org.openqa.selenium.chrome.ChromeDriver
Command: [31d34a7963023480d58fa61e9e2213dc, findElement {value=//h1[contains(text(),'Your Account Has Been Created!')], using=xpath}]
Capabilities {acceptInsecureCerts: false, browserName: chrome, browserVersion: 127.0.6533.72, chrome: {chromedriverVersion: 126.0.6478.182 (5b5d8292ddf..., userDataDir: C:\Users\anike\AppData\Loca...}, fedcm:accounts: true, goog:chromeOptions: {debuggerAddress: localhost:58588}, networkConnectionEnabled: false, pageLoadStrategy: normal, platformName: windows, proxy: Proxy(), se:cdp: ws://localhost:58588/devtoo..., se:cdpVersion: 127.0.6533.72, setWindowRect: true, strictFileInteractability: false, timeouts: {implicit: 0, pageLoad: 300000, script: 30000}, unhandledPromptBehavior: dismiss and notify, webauthn:extension:credBlob: true, webauthn:extension:largeBlob: true, webauthn:extension:minPinLength: true, webauthn:extension:prf: true, webauthn:virtualAuthenticators: true}
Session ID: 31d34a7963023480d58fa61e9e2213dc]]>
            </message>
            <full-stacktrace>
              <![CDATA[org.openqa.selenium.NoSuchElementException: no such element: Unable to locate element: {"method":"xpath","selector":"//h1[contains(text(),'Your Account Has Been Created!')]"}
  (Session info: chrome=127.0.6533.72)
For documentation on this error, please visit: https://www.selenium.dev/documentation/webdriver/troubleshooting/errors#no-such-element-exception
Build info: version: '4.23.0', revision: '4df0a231af'
System info: os.name: 'Windows 11', os.arch: 'amd64', os.version: '10.0', java.version: '22.0.1'
Driver info: org.openqa.selenium.chrome.ChromeDriver
Command: [31d34a7963023480d58fa61e9e2213dc, findElement {value=//h1[contains(text(),'Your Account Has Been Created!')], using=xpath}]
Capabilities {acceptInsecureCerts: false, browserName: chrome, browserVersion: 127.0.6533.72, chrome: {chromedriverVersion: 126.0.6478.182 (5b5d8292ddf..., userDataDir: C:\Users\anike\AppData\Loca...}, fedcm:accounts: true, goog:chromeOptions: {debuggerAddress: localhost:58588}, networkConnectionEnabled: false, pageLoadStrategy: normal, platformName: windows, proxy: Proxy(), se:cdp: ws://localhost:58588/devtoo..., se:cdpVersion: 127.0.6533.72, setWindowRect: true, strictFileInteractability: false, timeouts: {implicit: 0, pageLoad: 300000, script: 30000}, unhandledPromptBehavior: dismiss and notify, webauthn:extension:credBlob: true, webauthn:extension:largeBlob: true, webauthn:extension:minPinLength: true, webauthn:extension:prf: true, webauthn:virtualAuthenticators: true}
Session ID: 31d34a7963023480d58fa61e9e2213dc
at java.base/jdk.internal.reflect.DirectConstructorHandleAccessor.newInstance(DirectConstructorHandleAccessor.java:62)
at java.base/java.lang.reflect.Constructor.newInstanceWithCaller(Constructor.java:502)
at java.base/java.lang.reflect.Constructor.newInstance(Constructor.java:486)
at org.openqa.selenium.remote.ErrorCodec.decode(ErrorCodec.java:167)
at org.openqa.selenium.remote.codec.w3c.W3CHttpResponseCodec.decode(W3CHttpResponseCodec.java:138)
at org.openqa.selenium.remote.codec.w3c.W3CHttpResponseCodec.decode(W3CHttpResponseCodec.java:50)
at org.openqa.selenium.remote.HttpCommandExecutor.execute(HttpCommandExecutor.java:190)
at org.openqa.selenium.remote.service.DriverCommandExecutor.invokeExecute(DriverCommandExecutor.java:216)
at org.openqa.selenium.remote.service.DriverCommandExecutor.execute(DriverCommandExecutor.java:174)
at org.openqa.selenium.remote.RemoteWebDriver.execute(RemoteWebDriver.java:527)
at org.openqa.selenium.remote.ElementLocation$ElementFinder$2.findElement(ElementLocation.java:165)
at org.openqa.selenium.remote.ElementLocation.findElement(ElementLocation.java:59)
at org.openqa.selenium.remote.RemoteWebDriver.findElement(RemoteWebDriver.java:357)
at org.openqa.selenium.remote.RemoteWebDriver.findElement(RemoteWebDriver.java:351)
at org.openqa.selenium.support.pagefactory.DefaultElementLocator.findElement(DefaultElementLocator.java:68)
at org.openqa.selenium.support.pagefactory.internal.LocatingElementHandler.invoke(LocatingElementHandler.java:38)
at jdk.proxy2/jdk.proxy2.$Proxy16.getText(Unknown Source)
at com.OpenCart.pageLayer.RegistorPage.GetSuccessTxt(RegistorPage.java:78)
at com.OpenCart.testLayer.RegistorTestPage.VerifyRegistorFunctionality(RegistorTestPage.java:32)
at java.base/jdk.internal.reflect.DirectMethodHandleAccessor.invoke(DirectMethodHandleAccessor.java:103)
at java.base/java.lang.reflect.Method.invoke(Method.java:580)
at org.testng.internal.MethodInvocationHelper.invokeMethod(MethodInvocationHelper.java:133)
at org.testng.internal.TestInvoker.invokeMethod(TestInvoker.java:598)
at org.testng.internal.TestInvoker.invokeTestMethod(TestInvoker.java:173)
at org.testng.internal.MethodRunner.runInSequence(MethodRunner.java:46)
at org.testng.internal.TestInvoker$MethodInvocationAgent.invoke(TestInvoker.java:824)
at org.testng.internal.TestInvoker.invokeTestMethods(TestInvoker.java:146)
at org.testng.internal.TestMethodWorker.invokeTestMethods(TestMethodWorker.java:146)
at org.testng.internal.TestMethodWorker.run(TestMethodWorker.java:128)
at java.base/java.util.ArrayList.forEach(ArrayList.java:1597)
at org.testng.TestRunner.privateRun(TestRunner.java:794)
at org.testng.TestRunner.run(TestRunner.java:596)
at org.testng.SuiteRunner.runTest(SuiteRunner.java:377)
at org.testng.SuiteRunner.runSequentially(SuiteRunner.java:371)
at org.testng.SuiteRunner.privateRun(SuiteRunner.java:332)
at org.testng.SuiteRunner.run(SuiteRunner.java:276)
at org.testng.SuiteRunnerWorker.runSuite(SuiteRunnerWorker.java:53)
at org.testng.SuiteRunnerWorker.run(SuiteRunnerWorker.java:96)
at org.testng.TestNG.runSuitesSequentially(TestNG.java:1212)
at org.testng.TestNG.runSuitesLocally(TestNG.java:1134)
at org.testng.TestNG.runSuites(TestNG.java:1063)
at org.testng.TestNG.run(TestNG.java:1031)
at org.testng.remote.AbstractRemoteTestNG.run(AbstractRemoteTestNG.java:115)
at org.testng.remote.RemoteTestNG.initAndRun(RemoteTestNG.java:293)
at org.testng.remote.RemoteTestNG.main(RemoteTestNG.java:91)
]]>
            </full-stacktrace>
          </exception> <!-- org.openqa.selenium.NoSuchElementException -->
          <reporter-output>
          </reporter-output>
        </test-method> <!-- VerifyRegistorFunctionality -->
        <test-method is-config="true" signature="tesrDown()[pri:0, instance:com.OpenCart.testLayer.RegistorTestPage@6892b3b6]" started-at="2024-07-27T09:07:16 IST" name="tesrDown" finished-at="2024-07-27T09:07:22 IST" duration-ms="5293" status="PASS">
          <reporter-output>
          </reporter-output>
        </test-method> <!-- tesrDown -->
      </class> <!-- com.OpenCart.testLayer.RegistorTestPage -->
    </test> <!-- Test -->
  </suite> <!-- Suite -->
</testng-results>
